help 2024/07/08 02:24:01 connected to habit-tracker backend
help 2024/07/08 02:24:01 habit 812aaab5-c426-4ed2-a26d-64a69b491ea7 retrieved
help 2024/07/08 02:24:01 habit c7d52574-ae36-446a-9221-4b44230f851f retrieved
help 2024/07/08 02:24:01 habit f5b5c314-0b43-483d-85b5-c669bb5bb6d1 retrieved
help 2024/07/08 02:24:01 habit f43247bb-179d-41af-b17e-077afec4e15f retrieved
help 2024/07/08 02:24:01 habit 3ec1d44b-3230-4b95-b9c8-3bbda21e960f retrieved
help 2024/07/08 02:24:01 list habits returned 5 entries
help 2024/07/08 02:24:09 habit talk (10) created
help 2024/07/08 03:04:22 connected to habit-tracker backend
help 2024/07/08 03:04:22 habit 3334d174-a96e-4b45-ab3a-b3e838cc55d0 retrieved
help 2024/07/08 03:04:22 habit 70668018-1da3-464d-81aa-04ed29500e1f retrieved
help 2024/07/08 03:04:22 habit 51a1da6d-f05f-4970-94c9-d7abf43dcc3c retrieved
help 2024/07/08 03:04:22 habit d36afdc5-1409-4d7d-b40d-b49b495d196b retrieved
help 2024/07/08 03:04:22 list habits returned 4 entries
help 2024/07/08 03:04:25 habit 70668018-1da3-464d-81aa-04ed29500e1f retrieved
help 2024/07/08 03:04:25 habit 70668018-1da3-464d-81aa-04ed29500e1f ticked (now at 7 out of 5)
help 2024/07/08 03:04:26 habit 51a1da6d-f05f-4970-94c9-d7abf43dcc3c retrieved
help 2024/07/08 03:04:26 habit 51a1da6d-f05f-4970-94c9-d7abf43dcc3c ticked (now at 5 out of 7)
help 2024/07/08 03:04:28 habit d36afdc5-1409-4d7d-b40d-b49b495d196b retrieved
help 2024/07/08 03:04:28 habit d36afdc5-1409-4d7d-b40d-b49b495d196b ticked (now at 2 out of 1)
